# JRE version: OpenJDK Runtime Environment Temurin-21.0.9+10 (21.0.9+10) (build 21.0.9+10-LTS)
# Java VM: OpenJDK 64-Bit Server VM Temurin-21.0.9+10 (21.0.9+10-LTS, mixed mode, sharing, tiered, compressed oops, compressed class ptrs, parallel gc, windows-amd64)
GC Precious Log:
 CardTable entry size: 512
 CPUs: 8 total, 8 available
 Memory: 13968M
 Large Page Support: Disabled
 NUMA Support: Disabled
 Compressed Oops: Enabled (32-bit)
 Alignments: Space 512K, Generation 512K, Heap 2M
 Heap Min Capacity: 100M
 Heap Initial Capacity: 100M
 Heap Max Capacity: 2G
 Pre-touch: Disabled
 Parallel Workers: 8
Heap:
 PSYoungGen      total 10752K, used 2313K [0x00000000d5580000, 0x00000000d6300000, 0x0000000100000000)
  eden space 9728K, 13% used [0x00000000d5580000,0x00000000d56c6b10,0x00000000d5f00000)
  from space 1024K, 98% used [0x00000000d6180000,0x00000000d627bbb0,0x00000000d6280000)
  to   space 2048K, 0% used [0x00000000d5f00000,0x00000000d5f00000,0x00000000d6100000)
 ParOldGen       total 477696K, used 477685K [0x0000000080000000, 0x000000009d280000, 0x00000000d5580000)
  object space 477696K, 99% used [0x0000000080000000,0x000000009d27d490,0x000000009d280000)
 Metaspace       used 78781K, committed 80384K, reserved 1179648K
  class space    used 8378K, committed 9088K, reserved 1048576K
GC Heap History (20 events):
Event: 550.712 GC heap before
{Heap before GC invocations=387 (full 3):
 PSYoungGen      total 10752K, used 10752K [0x00000000d5580000, 0x00000000d6600000, 0x0000000100000000)
  eden space 9728K, 100% used [0x00000000d5580000,0x00000000d5f00000,0x00000000d5f00000)
  from space 1024K, 100% used [0x00000000d6400000,0x00000000d6500000,0x00000000d6500000)
  to   space 1024K, 0% used [0x00000000d6500000,0x00000000d6500000,0x00000000d6600000)
 ParOldGen       total 470016K, used 469532K [0x0000000080000000, 0x000000009cb00000, 0x00000000d5580000)
  object space 470016K, 99% used [0x0000000080000000,0x000000009ca871a0,0x000000009cb00000)
 Metaspace       used 78370K, committed 79936K, reserved 1179648K
  class space    used 8377K, committed 9088K, reserved 1048576K
}
Event: 550.713 GC heap after
{Heap after GC invocations=387 (full 3):
 PSYoungGen      total 10752K, used 640K [0x00000000d5580000, 0x00000000d6600000, 0x0000000100000000)
  eden space 9728K, 0% used [0x00000000d5580000,0x00000000d5580000,0x00000000d5f00000)
  from space 1024K, 62% used [0x00000000d6500000,0x00000000d65a0000,0x00000000d6600000)
  to   space 1536K, 0% used [0x00000000d6300000,0x00000000d6300000,0x00000000d6480000)
 ParOldGen       total 470528K, used 470469K [0x0000000080000000, 0x000000009cb80000, 0x00000000d5580000)
  object space 470528K, 99% used [0x0000000080000000,0x000000009cb71610,0x000000009cb80000)
 Metaspace       used 78370K, committed 79936K, reserved 1179648K
  class space    used 8377K, committed 9088K, reserved 1048576K
}
Event: 550.887 GC heap before
{Heap before GC invocations=388 (full 3):
 PSYoungGen      total 10752K, used 10367K [0x00000000d5580000, 0x00000000d6600000, 0x0000000100000000)
  eden space 9728K, 99% used [0x00000000d5580000,0x00000000d5efffd0,0x00000000d5f00000)
  from space 1024K, 62% used [0x00000000d6500000,0x00000000d65a0000,0x00000000d6600000)
  to   space 1536K, 0% used [0x00000000d6300000,0x00000000d6300000,0x00000000d6480000)
 ParOldGen       total 470528K, used 470469K [0x0000000080000000, 0x000000009cb80000, 0x00000000d5580000)
  object space 470528K, 99% used [0x0000000080000000,0x000000009cb71610,0x000000009cb80000)
 Metaspace       used 78440K, committed 80000K, reserved 1179648K
  class space    used 8377K, committed 9088K, reserved 1048576K
}
Event: 550.888 GC heap after
{Heap after GC invocations=388 (full 3):
 PSYoungGen      total 11264K, used 611K [0x00000000d5580000, 0x00000000d6580000, 0x0000000100000000)
  eden space 9728K, 0% used [0x00000000d5580000,0x00000000d5580000,0x00000000d5f00000)
  from space 1536K, 39% used [0x00000000d6300000,0x00000000d6398c30,0x00000000d6480000)
  to   space 1024K, 0% used [0x00000000d6480000,0x00000000d6480000,0x00000000d6580000)
 ParOldGen       total 470528K, used 470509K [0x0000000080000000, 0x000000009cb80000, 0x00000000d5580000)
  object space 470528K, 99% used [0x0000000080000000,0x000000009cb7b610,0x000000009cb80000)
 Metaspace       used 78440K, committed 80000K, reserved 1179648K
  class space    used 8377K, committed 9088K, reserved 1048576K
}
Event: 554.928 GC heap before
{Heap before GC invocations=389 (full 3):
 PSYoungGen      total 11264K, used 10339K [0x00000000d5580000, 0x00000000d6580000, 0x0000000100000000)
  eden space 9728K, 100% used [0x00000000d5580000,0x00000000d5f00000,0x00000000d5f00000)
  from space 1536K, 39% used [0x00000000d6300000,0x00000000d6398c30,0x00000000d6480000)
  to   space 1024K, 0% used [0x00000000d6480000,0x00000000d6480000,0x00000000d6580000)
 ParOldGen       total 470528K, used 470509K [0x0000000080000000, 0x000000009cb80000, 0x00000000d5580000)
  object space 470528K, 99% used [0x0000000080000000,0x000000009cb7b610,0x000000009cb80000)
 Metaspace       used 78533K, committed 80064K, reserved 1179648K
  class space    used 8377K, committed 9088K, reserved 1048576K
}
Event: 554.929 GC heap after
{Heap after GC invocations=389 (full 3):
 PSYoungGen      total 10240K, used 224K [0x00000000d5580000, 0x00000000d6500000, 0x0000000100000000)
  eden space 9728K, 0% used [0x00000000d5580000,0x00000000d5580000,0x00000000d5f00000)
  from space 512K, 43% used [0x00000000d6480000,0x00000000d64b8000,0x00000000d6500000)
  to   space 512K, 0% used [0x00000000d6400000,0x00000000d6400000,0x00000000d6480000)
 ParOldGen       total 471040K, used 470557K [0x0000000080000000, 0x000000009cc00000, 0x00000000d5580000)
  object space 471040K, 99% used [0x0000000080000000,0x000000009cb87610,0x000000009cc00000)
 Metaspace       used 78533K, committed 80064K, reserved 1179648K
  class space    used 8377K, committed 9088K, reserved 1048576K
}
Event: 554.974 GC heap before
{Heap before GC invocations=390 (full 3):
 PSYoungGen      total 10240K, used 9950K [0x00000000d5580000, 0x00000000d6500000, 0x0000000100000000)
  eden space 9728K, 99% used [0x00000000d5580000,0x00000000d5effaa0,0x00000000d5f00000)
  from space 512K, 43% used [0x00000000d6480000,0x00000000d64b8000,0x00000000d6500000)
  to   space 512K, 0% used [0x00000000d6400000,0x00000000d6400000,0x00000000d6480000)
 ParOldGen       total 471040K, used 470557K [0x0000000080000000, 0x000000009cc00000, 0x00000000d5580000)
  object space 471040K, 99% used [0x0000000080000000,0x000000009cb87610,0x000000009cc00000)
 Metaspace       used 78557K, committed 80064K, reserved 1179648K
  class space    used 8377K, committed 9088K, reserved 1048576K
}
Event: 554.976 GC heap after
{Heap after GC invocations=390 (full 3):
 PSYoungGen      total 10240K, used 499K [0x00000000d5580000, 0x00000000d6500000, 0x0000000100000000)
  eden space 9728K, 0% used [0x00000000d5580000,0x00000000d5580000,0x00000000d5f00000)
  from space 512K, 97% used [0x00000000d6400000,0x00000000d647cc60,0x00000000d6480000)
  to   space 512K, 0% used [0x00000000d6480000,0x00000000d6480000,0x00000000d6500000)
 ParOldGen       total 472064K, used 471813K [0x0000000080000000, 0x000000009cd00000, 0x00000000d5580000)
  object space 472064K, 99% used [0x0000000080000000,0x000000009ccc14e8,0x000000009cd00000)
 Metaspace       used 78557K, committed 80064K, reserved 1179648K
  class space    used 8377K, committed 9088K, reserved 1048576K
}
Event: 555.010 GC heap before
{Heap before GC invocations=391 (full 3):
 PSYoungGen      total 10240K, used 10091K [0x00000000d5580000, 0x00000000d6500000, 0x0000000100000000)
  eden space 9728K, 98% used [0x00000000d5580000,0x00000000d5ede0c8,0x00000000d5f00000)
  from space 512K, 97% used [0x00000000d6400000,0x00000000d647cc60,0x00000000d6480000)
  to   space 512K, 0% used [0x00000000d6480000,0x00000000d6480000,0x00000000d6500000)
 ParOldGen       total 472064K, used 471813K [0x0000000080000000, 0x000000009cd00000, 0x00000000d5580000)
  object space 472064K, 99% used [0x0000000080000000,0x000000009ccc14e8,0x000000009cd00000)
 Metaspace       used 78559K, committed 80064K, reserved 1179648K
  class space    used 8377K, committed 9088K, reserved 1048576K
}
Event: 555.012 GC heap after
{Heap after GC invocations=391 (full 3):
 PSYoungGen      total 10240K, used 485K [0x00000000d5580000, 0x00000000d6500000, 0x0000000100000000)
  eden space 9728K, 0% used [0x00000000d5580000,0x00000000d5580000,0x00000000d5f00000)
  from space 512K, 94% used [0x00000000d6480000,0x00000000d64f95b0,0x00000000d6500000)
  to   space 1536K, 0% used [0x00000000d6200000,0x00000000d6200000,0x00000000d6380000)
 ParOldGen       total 473088K, used 472743K [0x0000000080000000, 0x000000009ce00000, 0x00000000d5580000)
  object space 473088K, 99% used [0x0000000080000000,0x000000009cda9f80,0x000000009ce00000)
 Metaspace       used 78559K, committed 80064K, reserved 1179648K
  class space    used 8377K, committed 9088K, reserved 1048576K
}
Event: 555.044 GC heap before
{Heap before GC invocations=392 (full 3):
 PSYoungGen      total 10240K, used 8830K [0x00000000d5580000, 0x00000000d6500000, 0x0000000100000000)
  eden space 9728K, 85% used [0x00000000d5580000,0x00000000d5da6310,0x00000000d5f00000)
  from space 512K, 94% used [0x00000000d6480000,0x00000000d64f95b0,0x00000000d6500000)
  to   space 1536K, 0% used [0x00000000d6200000,0x00000000d6200000,0x00000000d6380000)
 ParOldGen       total 473088K, used 472743K [0x0000000080000000, 0x000000009ce00000, 0x00000000d5580000)
  object space 473088K, 99% used [0x0000000080000000,0x000000009cda9f80,0x000000009ce00000)
 Metaspace       used 78565K, committed 80064K, reserved 1179648K
  class space    used 8377K, committed 9088K, reserved 1048576K
}
Event: 555.046 GC heap after
{Heap after GC invocations=392 (full 3):
 PSYoungGen      total 11264K, used 1368K [0x00000000d5580000, 0x00000000d6500000, 0x0000000100000000)
  eden space 9728K, 0% used [0x00000000d5580000,0x00000000d5580000,0x00000000d5f00000)
  from space 1536K, 89% used [0x00000000d6200000,0x00000000d63562f0,0x00000000d6380000)
  to   space 1536K, 0% used [0x00000000d6380000,0x00000000d6380000,0x00000000d6500000)
 ParOldGen       total 473600K, used 473221K [0x0000000080000000, 0x000000009ce80000, 0x00000000d5580000)
  object space 473600K, 99% used [0x0000000080000000,0x000000009ce21530,0x000000009ce80000)
 Metaspace       used 78565K, committed 80064K, reserved 1179648K
  class space    used 8377K, committed 9088K, reserved 1048576K
}
Event: 555.103 GC heap before
{Heap before GC invocations=393 (full 3):
 PSYoungGen      total 11264K, used 11096K [0x00000000d5580000, 0x00000000d6500000, 0x0000000100000000)
  eden space 9728K, 100% used [0x00000000d5580000,0x00000000d5f00000,0x00000000d5f00000)
  from space 1536K, 89% used [0x00000000d6200000,0x00000000d63562f0,0x00000000d6380000)
  to   space 1536K, 0% used [0x00000000d6380000,0x00000000d6380000,0x00000000d6500000)
 ParOldGen       total 473600K, used 473221K [0x0000000080000000, 0x000000009ce80000, 0x00000000d5580000)
  object space 473600K, 99% used [0x0000000080000000,0x000000009ce21530,0x000000009ce80000)
 Metaspace       used 78637K, committed 80192K, reserved 1179648K
  class space    used 8377K, committed 9088K, reserved 1048576K
}
Event: 555.104 GC heap after
{Heap after GC invocations=393 (full 3):
 PSYoungGen      total 11264K, used 1516K [0x00000000d5580000, 0x00000000d6600000, 0x0000000100000000)
  eden space 9728K, 0% used [0x00000000d5580000,0x00000000d5580000,0x00000000d5f00000)
  from space 1536K, 98% used [0x00000000d6380000,0x00000000d64fb168,0x00000000d6500000)
  to   space 3584K, 0% used [0x00000000d5f00000,0x00000000d5f00000,0x00000000d6280000)
 ParOldGen       total 475136K, used 474644K [0x0000000080000000, 0x000000009d000000, 0x00000000d5580000)
  object space 475136K, 99% used [0x0000000080000000,0x000000009cf85258,0x000000009d000000)
 Metaspace       used 78637K, committed 80192K, reserved 1179648K
  class space    used 8377K, committed 9088K, reserved 1048576K
}
Event: 555.133 GC heap before
{Heap before GC invocations=394 (full 3):
 PSYoungGen      total 11264K, used 11244K [0x00000000d5580000, 0x00000000d6600000, 0x0000000100000000)
  eden space 9728K, 100% used [0x00000000d5580000,0x00000000d5f00000,0x00000000d5f00000)
  from space 1536K, 98% used [0x00000000d6380000,0x00000000d64fb168,0x00000000d6500000)
  to   space 3584K, 0% used [0x00000000d5f00000,0x00000000d5f00000,0x00000000d6280000)
 ParOldGen       total 475136K, used 474644K [0x0000000080000000, 0x000000009d000000, 0x00000000d5580000)
  object space 475136K, 99% used [0x0000000080000000,0x000000009cf85258,0x000000009d000000)
 Metaspace       used 78645K, committed 80192K, reserved 1179648K
  class space    used 8377K, committed 9088K, reserved 1048576K
}
Event: 555.136 GC heap after
{Heap after GC invocations=394 (full 3):
 PSYoungGen      total 10752K, used 960K [0x00000000d5580000, 0x00000000d6400000, 0x0000000100000000)
  eden space 9728K, 0% used [0x00000000d5580000,0x00000000d5580000,0x00000000d5f00000)
  from space 1024K, 93% used [0x00000000d5f00000,0x00000000d5ff0000,0x00000000d6000000)
  to   space 2048K, 0% used [0x00000000d6200000,0x00000000d6200000,0x00000000d6400000)
 ParOldGen       total 476672K, used 476189K [0x0000000080000000, 0x000000009d180000, 0x00000000d5580000)
  object space 476672K, 99% used [0x0000000080000000,0x000000009d107648,0x000000009d180000)
 Metaspace       used 78645K, committed 80192K, reserved 1179648K
  class space    used 8377K, committed 9088K, reserved 1048576K
}
Event: 555.182 GC heap before
{Heap before GC invocations=395 (full 3):
 PSYoungGen      total 10752K, used 10688K [0x00000000d5580000, 0x00000000d6400000, 0x0000000100000000)
  eden space 9728K, 100% used [0x00000000d5580000,0x00000000d5f00000,0x00000000d5f00000)
  from space 1024K, 93% used [0x00000000d5f00000,0x00000000d5ff0000,0x00000000d6000000)
  to   space 2048K, 0% used [0x00000000d6200000,0x00000000d6200000,0x00000000d6400000)
 ParOldGen       total 476672K, used 476189K [0x0000000080000000, 0x000000009d180000, 0x00000000d5580000)
  object space 476672K, 99% used [0x0000000080000000,0x000000009d107648,0x000000009d180000)
 Metaspace       used 78701K, committed 80256K, reserved 1179648K
  class space    used 8378K, committed 9088K, reserved 1048576K
}
Event: 555.184 GC heap after
{Heap after GC invocations=395 (full 3):
 PSYoungGen      total 10752K, used 960K [0x00000000d5580000, 0x00000000d6300000, 0x0000000100000000)
  eden space 9728K, 0% used [0x00000000d5580000,0x00000000d5580000,0x00000000d5f00000)
  from space 1024K, 93% used [0x00000000d6200000,0x00000000d62f0000,0x00000000d6300000)
  to   space 1536K, 0% used [0x00000000d6000000,0x00000000d6000000,0x00000000d6180000)
 ParOldGen       total 477184K, used 476965K [0x0000000080000000, 0x000000009d200000, 0x00000000d5580000)
  object space 477184K, 99% used [0x0000000080000000,0x000000009d1c9678,0x000000009d200000)
 Metaspace       used 78701K, committed 80256K, reserved 1179648K
  class space    used 8378K, committed 9088K, reserved 1048576K
}
Event: 555.303 GC heap before
{Heap before GC invocations=396 (full 3):
 PSYoungGen      total 10752K, used 10688K [0x00000000d5580000, 0x00000000d6300000, 0x0000000100000000)
  eden space 9728K, 100% used [0x00000000d5580000,0x00000000d5f00000,0x00000000d5f00000)
  from space 1024K, 93% used [0x00000000d6200000,0x00000000d62f0000,0x00000000d6300000)
  to   space 1536K, 0% used [0x00000000d6000000,0x00000000d6000000,0x00000000d6180000)
 ParOldGen       total 477184K, used 476965K [0x0000000080000000, 0x000000009d200000, 0x00000000d5580000)
  object space 477184K, 99% used [0x0000000080000000,0x000000009d1c9678,0x000000009d200000)
 Metaspace       used 78747K, committed 80320K, reserved 1179648K
  class space    used 8378K, committed 9088K, reserved 1048576K
}
Event: 555.304 GC heap after
{Heap after GC invocations=396 (full 3):
 PSYoungGen      total 11264K, used 976K [0x00000000d5580000, 0x00000000d6280000, 0x0000000100000000)
  eden space 9728K, 0% used [0x00000000d5580000,0x00000000d5580000,0x00000000d5f00000)
  from space 1536K, 63% used [0x00000000d6000000,0x00000000d60f4010,0x00000000d6180000)
  to   space 1024K, 0% used [0x00000000d6180000,0x00000000d6180000,0x00000000d6280000)
 ParOldGen       total 477184K, used 477037K [0x0000000080000000, 0x000000009d200000, 0x00000000d5580000)
  object space 477184K, 99% used [0x0000000080000000,0x000000009d1db678,0x000000009d200000)
 Metaspace       used 78747K, committed 80320K, reserved 1179648K
  class space    used 8378K, committed 9088K, reserved 1048576K
}

